# JRE version: Java(TM) SE Runtime Environment (8.0_121-b13) (build 1.8.0_121-b13)
# Java VM: Java HotSpot(TM) 64-Bit Server VM (25.121-b13 mixed mode windows-amd64 compressed oops)
Heap:
 PSYoungGen      total 141824K, used 52455K [0x000000076b380000, 0x0000000774880000, 0x00000007c0000000)
  eden space 131072K, 40% used [0x000000076b380000,0x000000076e6b9cf8,0x0000000773380000)
  from space 10752K, 0% used [0x0000000773e00000,0x0000000773e00000,0x0000000774880000)
  to   space 10752K, 0% used [0x0000000773380000,0x0000000773380000,0x0000000773e00000)
 ParOldGen       total 118784K, used 19195K [0x00000006c1a00000, 0x00000006c8e00000, 0x000000076b380000)
  object space 118784K, 16% used [0x00000006c1a00000,0x00000006c2cbecd8,0x00000006c8e00000)
 Metaspace       used 23227K, capacity 24754K, committed 25088K, reserved 1071104K
  class space    used 3440K, capacity 3724K, committed 3840K, reserved 1048576K
GC Heap History (6 events):
Event: 1.880 GC heap before
{Heap before GC invocations=1 (full 0):
 PSYoungGen      total 76288K, used 65523K [0x000000076b380000, 0x0000000770880000, 0x00000007c0000000)
  eden space 65536K, 99% used [0x000000076b380000,0x000000076f37cd30,0x000000076f380000)
  from space 10752K, 0% used [0x000000076fe00000,0x000000076fe00000,0x0000000770880000)
  to   space 10752K, 0% used [0x000000076f380000,0x000000076f380000,0x000000076fe00000)
 ParOldGen       total 175104K, used 0K [0x00000006c1a00000, 0x00000006cc500000, 0x000000076b380000)
  object space 175104K, 0% used [0x00000006c1a00000,0x00000006c1a00000,0x00000006cc500000)
 Metaspace       used 13457K, capacity 13842K, committed 13952K, reserved 1060864K
  class space    used 1817K, capacity 1917K, committed 1920K, reserved 1048576K
Event: 1.946 GC heap after
Heap after GC invocations=1 (full 0):
 PSYoungGen      total 76288K, used 10744K [0x000000076b380000, 0x0000000774880000, 0x00000007c0000000)
  eden space 65536K, 0% used [0x000000076b380000,0x000000076b380000,0x000000076f380000)
  from space 10752K, 99% used [0x000000076f380000,0x000000076fdfe3f0,0x000000076fe00000)
  to   space 10752K, 0% used [0x0000000773e00000,0x0000000773e00000,0x0000000774880000)
 ParOldGen       total 175104K, used 3336K [0x00000006c1a00000, 0x00000006cc500000, 0x000000076b380000)
  object space 175104K, 1% used [0x00000006c1a00000,0x00000006c1d423a8,0x00000006cc500000)
 Metaspace       used 13457K, capacity 13842K, committed 13952K, reserved 1060864K
  class space    used 1817K, capacity 1917K, committed 1920K, reserved 1048576K
}
Event: 4.083 GC heap before
{Heap before GC invocations=2 (full 0):
 PSYoungGen      total 76288K, used 39593K [0x000000076b380000, 0x0000000774880000, 0x00000007c0000000)
  eden space 65536K, 44% used [0x000000076b380000,0x000000076cfac080,0x000000076f380000)
  from space 10752K, 99% used [0x000000076f380000,0x000000076fdfe3f0,0x000000076fe00000)
  to   space 10752K, 0% used [0x0000000773e00000,0x0000000773e00000,0x0000000774880000)
 ParOldGen       total 175104K, used 3336K [0x00000006c1a00000, 0x00000006cc500000, 0x000000076b380000)
  object space 175104K, 1% used [0x00000006c1a00000,0x00000006c1d423a8,0x00000006cc500000)
 Metaspace       used 20242K, capacity 21068K, committed 21248K, reserved 1067008K
  class space    used 2985K, capacity 3204K, committed 3328K, reserved 1048576K
Event: 4.093 GC heap after
Heap after GC invocations=2 (full 0):
 PSYoungGen      total 141824K, used 10728K [0x000000076b380000, 0x0000000774880000, 0x00000007c0000000)
  eden space 131072K, 0% used [0x000000076b380000,0x000000076b380000,0x0000000773380000)
  from space 10752K, 99% used [0x0000000773e00000,0x000000077487a3d0,0x0000000774880000)
  to   space 10752K, 0% used [0x0000000773380000,0x0000000773380000,0x0000000773e00000)
 ParOldGen       total 175104K, used 8659K [0x00000006c1a00000, 0x00000006cc500000, 0x000000076b380000)
  object space 175104K, 4% used [0x00000006c1a00000,0x00000006c2274f20,0x00000006cc500000)
 Metaspace       used 20242K, capacity 21068K, committed 21248K, reserved 1067008K
  class space    used 2985K, capacity 3204K, committed 3328K, reserved 1048576K
}
Event: 4.093 GC heap before
{Heap before GC invocations=3 (full 1):
 PSYoungGen      total 141824K, used 10728K [0x000000076b380000, 0x0000000774880000, 0x00000007c0000000)
  eden space 131072K, 0% used [0x000000076b380000,0x000000076b380000,0x0000000773380000)
  from space 10752K, 99% used [0x0000000773e00000,0x000000077487a3d0,0x0000000774880000)
  to   space 10752K, 0% used [0x0000000773380000,0x0000000773380000,0x0000000773e00000)
 ParOldGen       total 175104K, used 8659K [0x00000006c1a00000, 0x00000006cc500000, 0x000000076b380000)
  object space 175104K, 4% used [0x00000006c1a00000,0x00000006c2274f20,0x00000006cc500000)
 Metaspace       used 20242K, capacity 21068K, committed 21248K, reserved 1067008K
  class space    used 2985K, capacity 3204K, committed 3328K, reserved 1048576K
Event: 4.152 GC heap after
Heap after GC invocations=3 (full 1):
 PSYoungGen      total 141824K, used 0K [0x000000076b380000, 0x0000000774880000, 0x00000007c0000000)
  eden space 131072K, 0% used [0x000000076b380000,0x000000076b380000,0x0000000773380000)
  from space 10752K, 0% used [0x0000000773e00000,0x0000000773e00000,0x0000000774880000)
  to   space 10752K, 0% used [0x0000000773380000,0x0000000773380000,0x0000000773e00000)
 ParOldGen       total 118784K, used 19195K [0x00000006c1a00000, 0x00000006c8e00000, 0x000000076b380000)
  object space 118784K, 16% used [0x00000006c1a00000,0x00000006c2cbecd8,0x00000006c8e00000)
 Metaspace       used 20242K, capacity 21068K, committed 21248K, reserved 1067008K
  class space    used 2985K, capacity 3204K, committed 3328K, reserved 1048576K
}

